<?xml version="1.0" encoding="UTF-8"?>
<!-- Generated by org.testng.reporters.JUnitReportReporter -->
<testsuite skipped="0" hostname="DESKTOP-ENGBGBP" name="mavenPackage.AmazonDeliverToTest" tests="1" failures="0" timestamp="2020-03-28T15:36:24 IST" time="25.388" errors="0">
  <testcase name="deliverTo" time="25.388" classname="mavenPackage.AmazonDeliverToTest"/>
  <system-out/>
</testsuite> <!-- mavenPackage.AmazonDeliverToTest -->
